Started GET "/users" for 127.0.0.1 at 2017-02-03 10:46:06 -0500
  [1m[36mActiveRecord::SchemaMigration Load (1.8ms)[0m  [1m[34mSELECT "schema_migrations".* FROM "schema_migrations"[0m
Processing by UsersController#index as HTML
  [1m[36mUser Load (0.9ms)[0m  [1m[34mSELECT "users".* FROM "users"[0m
Completed 200 OK in 79ms (Views: 13.0ms | ActiveRecord: 21.5ms)


Started GET "/users/1/artwork" for 127.0.0.1 at 2017-02-03 10:46:47 -0500
  
ActionController::RoutingError (No route matches [GET] "/users/1/artwork"):
  
actionpack (5.0.1) lib/action_dispatch/middleware/debug_exceptions.rb:53:in `call'
actionpack (5.0.1) lib/action_dispatch/middleware/show_exceptions.rb:31:in `call'
railties (5.0.1) lib/rails/rack/logger.rb:36:in `call_app'
railties (5.0.1) lib/rails/rack/logger.rb:24:in `block in call'
activesupport (5.0.1) lib/active_support/tagged_logging.rb:69:in `block in tagged'
activesupport (5.0.1) lib/active_support/tagged_logging.rb:26:in `tagged'
activesupport (5.0.1) lib/active_support/tagged_logging.rb:69:in `tagged'
railties (5.0.1) lib/rails/rack/logger.rb:24:in `call'
actionpack (5.0.1) lib/action_dispatch/middleware/request_id.rb:24:in `call'
rack (2.0.1) lib/rack/runtime.rb:22:in `call'
activesupport (5.0.1) lib/active_support/cache/strategy/local_cache_middleware.rb:28:in `call'
actionpack (5.0.1) lib/action_dispatch/middleware/executor.rb:12:in `call'
actionpack (5.0.1) lib/action_dispatch/middleware/static.rb:136:in `call'
rack (2.0.1) lib/rack/sendfile.rb:111:in `call'
railties (5.0.1) lib/rails/engine.rb:522:in `call'
puma (3.7.0) lib/puma/configuration.rb:226:in `call'
puma (3.7.0) lib/puma/server.rb:578:in `handle_request'
puma (3.7.0) lib/puma/server.rb:415:in `process_client'
puma (3.7.0) lib/puma/server.rb:275:in `block in run'
puma (3.7.0) lib/puma/thread_pool.rb:120:in `block in spawn_thread'
Started GET "/users/1/artworks" for 127.0.0.1 at 2017-02-03 10:46:56 -0500
  
ActionController::RoutingError (No route matches [GET] "/users/1/artworks"):
  
actionpack (5.0.1) lib/action_dispatch/middleware/debug_exceptions.rb:53:in `call'
actionpack (5.0.1) lib/action_dispatch/middleware/show_exceptions.rb:31:in `call'
railties (5.0.1) lib/rails/rack/logger.rb:36:in `call_app'
railties (5.0.1) lib/rails/rack/logger.rb:24:in `block in call'
activesupport (5.0.1) lib/active_support/tagged_logging.rb:69:in `block in tagged'
activesupport (5.0.1) lib/active_support/tagged_logging.rb:26:in `tagged'
activesupport (5.0.1) lib/active_support/tagged_logging.rb:69:in `tagged'
railties (5.0.1) lib/rails/rack/logger.rb:24:in `call'
actionpack (5.0.1) lib/action_dispatch/middleware/request_id.rb:24:in `call'
rack (2.0.1) lib/rack/runtime.rb:22:in `call'
activesupport (5.0.1) lib/active_support/cache/strategy/local_cache_middleware.rb:28:in `call'
actionpack (5.0.1) lib/action_dispatch/middleware/executor.rb:12:in `call'
actionpack (5.0.1) lib/action_dispatch/middleware/static.rb:136:in `call'
rack (2.0.1) lib/rack/sendfile.rb:111:in `call'
railties (5.0.1) lib/rails/engine.rb:522:in `call'
puma (3.7.0) lib/puma/configuration.rb:226:in `call'
puma (3.7.0) lib/puma/server.rb:578:in `handle_request'
puma (3.7.0) lib/puma/server.rb:415:in `process_client'
puma (3.7.0) lib/puma/server.rb:275:in `block in run'
puma (3.7.0) lib/puma/thread_pool.rb:120:in `block in spawn_thread'
Started GET "/users/1" for 127.0.0.1 at 2017-02-03 10:47:05 -0500
Processing by UsersController#show as HTML
  Parameters: {"id"=>"1"}
  [1m[36mUser Load (2.2ms)[0m  [1m[34mSELECT  "users".* FROM "users" WHERE "users"."id" = $1 LIMIT $2[0m  [["id", 1], ["LIMIT", 1]]
Completed 200 OK in 19ms (Views: 0.8ms | ActiveRecord: 2.6ms)


Started GET "/favorites" for 127.0.0.1 at 2017-02-03 10:49:12 -0500
  [1m[36mActiveRecord::SchemaMigration Load (0.6ms)[0m  [1m[34mSELECT "schema_migrations".* FROM "schema_migrations"[0m
Processing by FavoritesController#index as HTML
  [1m[36mFavorite Load (0.8ms)[0m  [1m[34mSELECT "favorites".* FROM "favorites"[0m
Completed 200 OK in 77ms (Views: 46.0ms | ActiveRecord: 22.3ms)


  [1m[36mUser Load (0.3ms)[0m  [1m[34mSELECT  "users".* FROM "users" WHERE "users"."id" = $1 LIMIT $2[0m  [["id", 1], ["LIMIT", 1]]
  [1m[36mArtwork Load (1.6ms)[0m  [1m[34mSELECT "artworks".* FROM "artworks" INNER JOIN "favorites" ON "artworks"."id" = "favorites"."artwork_id" WHERE "favorites"."user_id" = $1[0m  [["user_id", 1]]
Started GET "/favorites" for 127.0.0.1 at 2017-02-03 14:41:19 -0500
  [1m[36mActiveRecord::SchemaMigration Load (0.4ms)[0m  [1m[34mSELECT "schema_migrations".* FROM "schema_migrations"[0m
Processing by FavoritesController#index as HTML
  [1m[36mFavorite Load (0.5ms)[0m  [1m[34mSELECT "favorites".* FROM "favorites"[0m
Completed 200 OK in 16ms (Views: 6.3ms | ActiveRecord: 3.3ms)


Started GET "/users" for 127.0.0.1 at 2017-02-03 14:41:30 -0500
Processing by UsersController#index as HTML
  [1m[36mUser Load (0.8ms)[0m  [1m[34mSELECT "users".* FROM "users"[0m
Completed 200 OK in 27ms (Views: 13.5ms | ActiveRecord: 5.4ms)


Started GET "/artworks" for 127.0.0.1 at 2017-02-03 14:41:43 -0500
Processing by ArtworksController#index as HTML
  [1m[36mArtwork Load (0.4ms)[0m  [1m[34mSELECT "artworks".* FROM "artworks"[0m
Completed 200 OK in 15ms (Views: 8.8ms | ActiveRecord: 2.2ms)


Started GET "/users" for 127.0.0.1 at 2017-02-03 14:41:55 -0500
Processing by UsersController#index as HTML
  [1m[36mUser Load (0.3ms)[0m  [1m[34mSELECT "users".* FROM "users"[0m
Completed 200 OK in 6ms (Views: 5.0ms | ActiveRecord: 0.3ms)


Started GET "/users/1" for 127.0.0.1 at 2017-02-03 14:42:01 -0500
Processing by UsersController#show as HTML
  Parameters: {"id"=>"1"}
  [1m[36mUser Load (0.3ms)[0m  [1m[34mSELECT  "users".* FROM "users" WHERE "users"."id" = $1 LIMIT $2[0m  [["id", 1], ["LIMIT", 1]]
  [1m[36mCACHE (0.0ms)[0m  [1m[34mSELECT  "users".* FROM "users" WHERE "users"."id" = $1 LIMIT $2[0m  [["id", 1], ["LIMIT", 1]]
Completed 500 Internal Server Error in 57ms (ActiveRecord: 0.5ms)


  
NameError (undefined local variable or method `one_artwork' for #<UsersController:0x007fb6de042e40>):
  
app/controllers/users_controller.rb:14:in `show'
Started GET "/users/1/artworks" for 127.0.0.1 at 2017-02-03 14:42:08 -0500
  
ActionController::RoutingError (No route matches [GET] "/users/1/artworks"):
  
actionpack (5.0.1) lib/action_dispatch/middleware/debug_exceptions.rb:53:in `call'
actionpack (5.0.1) lib/action_dispatch/middleware/show_exceptions.rb:31:in `call'
railties (5.0.1) lib/rails/rack/logger.rb:36:in `call_app'
railties (5.0.1) lib/rails/rack/logger.rb:24:in `block in call'
activesupport (5.0.1) lib/active_support/tagged_logging.rb:69:in `block in tagged'
activesupport (5.0.1) lib/active_support/tagged_logging.rb:26:in `tagged'
activesupport (5.0.1) lib/active_support/tagged_logging.rb:69:in `tagged'
railties (5.0.1) lib/rails/rack/logger.rb:24:in `call'
actionpack (5.0.1) lib/action_dispatch/middleware/request_id.rb:24:in `call'
rack (2.0.1) lib/rack/runtime.rb:22:in `call'
activesupport (5.0.1) lib/active_support/cache/strategy/local_cache_middleware.rb:28:in `call'
actionpack (5.0.1) lib/action_dispatch/middleware/executor.rb:12:in `call'
actionpack (5.0.1) lib/action_dispatch/middleware/static.rb:136:in `call'
rack (2.0.1) lib/rack/sendfile.rb:111:in `call'
railties (5.0.1) lib/rails/engine.rb:522:in `call'
puma (3.7.0) lib/puma/configuration.rb:226:in `call'
puma (3.7.0) lib/puma/server.rb:578:in `handle_request'
puma (3.7.0) lib/puma/server.rb:415:in `process_client'
puma (3.7.0) lib/puma/server.rb:275:in `block in run'
puma (3.7.0) lib/puma/thread_pool.rb:120:in `block in spawn_thread'
Started GET "/users" for 127.0.0.1 at 2017-02-03 14:42:19 -0500
Processing by UsersController#index as HTML
  [1m[36mUser Load (0.3ms)[0m  [1m[34mSELECT "users".* FROM "users"[0m
Completed 200 OK in 4ms (Views: 3.7ms | ActiveRecord: 0.3ms)


Started GET "/users.artworks" for 127.0.0.1 at 2017-02-03 14:55:26 -0500
Processing by UsersController#index as 
  [1m[36mUser Load (0.5ms)[0m  [1m[34mSELECT "users".* FROM "users"[0m
Completed 200 OK in 15ms (Views: 8.5ms | ActiveRecord: 2.3ms)


Started GET "/users.artworks" for 127.0.0.1 at 2017-02-03 15:13:50 -0500
Processing by UsersController#index as 
  [1m[36mUser Load (0.3ms)[0m  [1m[34mSELECT "users".* FROM "users"[0m
Completed 200 OK in 11ms (Views: 7.8ms | ActiveRecord: 0.3ms)


Started GET "/users.artworks" for 127.0.0.1 at 2017-02-03 15:15:19 -0500
Processing by UsersController#index as 
  [1m[36mUser Load (0.3ms)[0m  [1m[34mSELECT "users".* FROM "users"[0m
Completed 200 OK in 11ms (Views: 7.7ms | ActiveRecord: 0.3ms)


Started GET "/users" for 127.0.0.1 at 2017-02-03 15:15:24 -0500
Processing by UsersController#index as HTML
  [1m[36mUser Load (0.3ms)[0m  [1m[34mSELECT "users".* FROM "users"[0m
Completed 200 OK in 10ms (Views: 9.7ms | ActiveRecord: 0.3ms)


Started GET "/artworks" for 127.0.0.1 at 2017-02-03 15:15:43 -0500
Processing by ArtworksController#index as HTML
  [1m[36mArtwork Load (0.5ms)[0m  [1m[34mSELECT "artworks".* FROM "artworks"[0m
Completed 200 OK in 15ms (Views: 9.7ms | ActiveRecord: 2.6ms)


Started GET "/favorites" for 127.0.0.1 at 2017-02-03 15:15:52 -0500
Processing by FavoritesController#index as HTML
  [1m[36mFavorite Load (0.4ms)[0m  [1m[34mSELECT "favorites".* FROM "favorites"[0m
Completed 200 OK in 11ms (Views: 5.6ms | ActiveRecord: 2.9ms)


Started GET "/favorites" for 127.0.0.1 at 2017-02-03 15:18:01 -0500
Processing by FavoritesController#index as HTML
  [1m[36mFavorite Load (0.3ms)[0m  [1m[34mSELECT "favorites".* FROM "favorites"[0m
Completed 200 OK in 10ms (Views: 4.5ms | ActiveRecord: 2.5ms)


Started GET "/favorites" for 127.0.0.1 at 2017-02-03 15:18:07 -0500
Processing by FavoritesController#index as HTML
  [1m[36mFavorite Load (0.2ms)[0m  [1m[34mSELECT "favorites".* FROM "favorites"[0m
Completed 200 OK in 1ms (Views: 0.8ms | ActiveRecord: 0.2ms)


Started GET "/users" for 127.0.0.1 at 2017-02-03 15:18:11 -0500
Processing by UsersController#index as HTML
  [1m[36mUser Load (0.3ms)[0m  [1m[34mSELECT "users".* FROM "users"[0m
Completed 200 OK in 14ms (Views: 9.0ms | ActiveRecord: 2.4ms)


Started GET "/users" for 127.0.0.1 at 2017-02-03 15:18:58 -0500
Processing by UsersController#index as HTML
  [1m[36mUser Load (0.3ms)[0m  [1m[34mSELECT "users".* FROM "users"[0m
Completed 200 OK in 11ms (Views: 7.5ms | ActiveRecord: 0.3ms)


Started GET "/artworks" for 127.0.0.1 at 2017-02-03 15:20:15 -0500
Processing by ArtworksController#index as HTML
  [1m[36mArtwork Load (0.3ms)[0m  [1m[34mSELECT "artworks".* FROM "artworks"[0m
Completed 200 OK in 14ms (Views: 8.6ms | ActiveRecord: 2.2ms)


Started GET "/favorites" for 127.0.0.1 at 2017-02-03 15:20:43 -0500
Processing by FavoritesController#index as HTML
  [1m[36mFavorite Load (0.3ms)[0m  [1m[34mSELECT "favorites".* FROM "favorites"[0m
Completed 200 OK in 10ms (Views: 5.0ms | ActiveRecord: 2.6ms)


Started GET "/users/1" for 127.0.0.1 at 2017-02-03 15:40:51 -0500
  [1m[36mActiveRecord::SchemaMigration Load (0.4ms)[0m  [1m[34mSELECT "schema_migrations".* FROM "schema_migrations"[0m
Processing by UsersController#show as HTML
  Parameters: {"id"=>"1"}
  [1m[36mUser Load (0.4ms)[0m  [1m[34mSELECT  "users".* FROM "users" WHERE "users"."id" = $1 LIMIT $2[0m  [["id", 1], ["LIMIT", 1]]
  [1m[36mUser Load (0.3ms)[0m  [1m[34mSELECT  "users".* FROM "users" WHERE "users"."id" = $1 LIMIT $2[0m  [["id", 1], ["LIMIT", 1]]
  [1m[36mArtwork Load (0.4ms)[0m  [1m[34mSELECT "artworks".* FROM "artworks" INNER JOIN "favorites" ON "artworks"."id" = "favorites"."artwork_id" WHERE "favorites"."user_id" = $1[0m  [["user_id", 1]]
Completed 200 OK in 78ms (Views: 17.8ms | ActiveRecord: 8.1ms)


Started GET "/users/1" for 127.0.0.1 at 2017-02-03 17:00:48 -0500
Processing by UsersController#show as HTML
  Parameters: {"id"=>"1"}
  [1m[36mUser Load (0.7ms)[0m  [1m[34mSELECT  "users".* FROM "users" WHERE "users"."id" = $1 LIMIT $2[0m  [["id", 1], ["LIMIT", 1]]
  [1m[36mCACHE (0.0ms)[0m  [1m[34mSELECT  "users".* FROM "users" WHERE "users"."id" = $1 LIMIT $2[0m  [["id", 1], ["LIMIT", 1]]
  [1m[36mArtwork Load (0.8ms)[0m  [1m[34mSELECT "artworks".* FROM "artworks" INNER JOIN "favorites" ON "artworks"."id" = "favorites"."artwork_id" WHERE "favorites"."user_id" = $1[0m  [["user_id", 1]]
Completed 200 OK in 7ms (Views: 2.8ms | ActiveRecord: 1.4ms)


Started GET "/users" for 127.0.0.1 at 2017-02-03 17:00:55 -0500
Processing by UsersController#index as HTML
  [1m[36mUser Load (0.2ms)[0m  [1m[34mSELECT "users".* FROM "users"[0m
Completed 200 OK in 6ms (Views: 5.2ms | ActiveRecord: 0.2ms)


Started GET "/artworks" for 127.0.0.1 at 2017-02-03 17:02:25 -0500
Processing by ArtworksController#index as HTML
  [1m[36mArtwork Load (0.4ms)[0m  [1m[34mSELECT "artworks".* FROM "artworks"[0m
Completed 200 OK in 6ms (Views: 5.2ms | ActiveRecord: 0.4ms)


Started GET "/artworks" for 127.0.0.1 at 2017-02-03 17:47:09 -0500
  [1m[36mActiveRecord::SchemaMigration Load (0.5ms)[0m  [1m[34mSELECT "schema_migrations".* FROM "schema_migrations"[0m
Processing by ArtworksController#index as HTML
  [1m[36mArtwork Load (0.5ms)[0m  [1m[34mSELECT "artworks".* FROM "artworks"[0m
Completed 200 OK in 24ms (Views: 10.4ms | ActiveRecord: 5.3ms)


Started GET "/users" for 127.0.0.1 at 2017-02-03 17:47:54 -0500
Processing by UsersController#index as HTML
  [1m[36mUser Load (0.5ms)[0m  [1m[34mSELECT "users".* FROM "users"[0m
Completed 200 OK in 20ms (Views: 11.1ms | ActiveRecord: 4.8ms)


